Flow report for vidordemo
Mon May  8 18:53:16 2023
Quartus Prime Version 19.1.0 Build 670 09/22/2019 SJ Lite Edition


---------------------
; Table of Contents ;
---------------------
  1. Legal Notice
  2. Flow Summary
  3. Flow Settings
  4. Flow Non-Default Global Settings
  5. Flow Elapsed Time
  6. Flow OS Summary
  7. Flow Log
  8. Flow Messages
  9. Flow Suppressed Messages



----------------
; Legal Notice ;
----------------
Copyright (C) 2019  Intel Corporation. All rights reserved.
Your use of Intel Corporation's design tools, logic functions 
and other software and tools, and any partner logic 
functions, and any output files from any of the foregoing 
(including device programming or simulation files), and any 
associated documentation or information are expressly subject 
to the terms and conditions of the Intel Program License 
Subscription Agreement, the Intel Quartus Prime License Agreement,
the Intel FPGA IP License Agreement, or other applicable license
agreement, including, without limitation, that your use is for
the sole purpose of programming logic devices manufactured by
Intel and sold by Intel or its authorized distributors.  Please
refer to the applicable agreement for further details, at
https://fpgasoftware.intel.com/eula.



+----------------------------------------------------------------------------------+
; Flow Summary                                                                     ;
+------------------------------------+---------------------------------------------+
; Flow Status                        ; Successful - Mon May  8 18:53:15 2023       ;
; Quartus Prime Version              ; 19.1.0 Build 670 09/22/2019 SJ Lite Edition ;
; Revision Name                      ; vidordemo                                   ;
; Top-level Entity Name              ; top                                         ;
; Family                             ; Cyclone 10 LP                               ;
; Device                             ; 10CL016YU256C8G                             ;
; Timing Models                      ; Final                                       ;
; Total logic elements               ; 43 / 15,408 ( < 1 % )                       ;
;     Total combinational functions  ; 43 / 15,408 ( < 1 % )                       ;
;     Dedicated logic registers      ; 32 / 15,408 ( < 1 % )                       ;
; Total registers                    ; 32                                          ;
; Total pins                         ; 138 / 163 ( 85 % )                          ;
; Total virtual pins                 ; 0                                           ;
; Total memory bits                  ; 0 / 516,096 ( 0 % )                         ;
; Embedded Multiplier 9-bit elements ; 0 / 112 ( 0 % )                             ;
; Total PLLs                         ; 1 / 4 ( 25 % )                              ;
+------------------------------------+---------------------------------------------+


+-----------------------------------------+
; Flow Settings                           ;
+-------------------+---------------------+
; Option            ; Setting             ;
+-------------------+---------------------+
; Start date & time ; 05/08/2023 18:53:01 ;
; Main task         ; Compilation         ;
; Revision Name     ; vidordemo           ;
+-------------------+---------------------+


+--------------------------------------------------------------------------------------------------------------------------+
; Flow Non-Default Global Settings                                                                                         ;
+--------------------------------------+----------------------------------------+---------------+-------------+------------+
; Assignment Name                      ; Value                                  ; Default Value ; Entity Name ; Section Id ;
+--------------------------------------+----------------------------------------+---------------+-------------+------------+
; COMPILER_SIGNATURE_ID                ; 93181002570486.168359718108568         ; --            ; --          ; --         ;
; ENABLE_SIGNALTAP                     ; Off                                    ; --            ; --          ; --         ;
; FITTER_EFFORT                        ; Standard Fit                           ; Auto Fit      ; --          ; --         ;
; IGNORE_PARTITIONS                    ; On                                     ; Off           ; --          ; --         ;
; MAX_CORE_JUNCTION_TEMP               ; 85                                     ; --            ; --          ; --         ;
; MIN_CORE_JUNCTION_TEMP               ; 0                                      ; --            ; --          ; --         ;
; MISC_FILE                            ; ip/SYSTEM_PLL/SYSTEM_PLL.ppf           ; --            ; --          ; --         ;
; MUX_RESTRUCTURE                      ; Off                                    ; Auto          ; --          ; --         ;
; OPTIMIZATION_MODE                    ; Aggressive Performance                 ; Balanced      ; --          ; --         ;
; OUTPUT_IO_TIMING_FAR_END_VMEAS       ; Half Signal Swing                      ; --            ; --          ; --         ;
; OUTPUT_IO_TIMING_FAR_END_VMEAS       ; Half Signal Swing                      ; --            ; --          ; --         ;
; OUTPUT_IO_TIMING_NEAR_END_VMEAS      ; Half Vccio                             ; --            ; --          ; --         ;
; OUTPUT_IO_TIMING_NEAR_END_VMEAS      ; Half Vccio                             ; --            ; --          ; --         ;
; PARTITION_COLOR                      ; -- (Not supported for targeted family) ; --            ; top         ; Top        ;
; PARTITION_FITTER_PRESERVATION_LEVEL  ; -- (Not supported for targeted family) ; --            ; top         ; Top        ;
; PARTITION_NETLIST_TYPE               ; -- (Not supported for targeted family) ; --            ; top         ; Top        ;
; PHYSICAL_SYNTHESIS_COMBO_LOGIC       ; On                                     ; Off           ; --          ; --         ;
; PHYSICAL_SYNTHESIS_REGISTER_RETIMING ; On                                     ; Off           ; --          ; --         ;
; PLACEMENT_EFFORT_MULTIPLIER          ; 4.0                                    ; 1.0           ; --          ; --         ;
; POWER_BOARD_THERMAL_MODEL            ; None (CONSERVATIVE)                    ; --            ; --          ; --         ;
; POWER_DEFAULT_INPUT_IO_TOGGLE_RATE   ; 100%                                   ; 12.5%         ; --          ; --         ;
; POWER_PRESET_COOLING_SOLUTION        ; 23 MM HEAT SINK WITH 200 LFPM AIRFLOW  ; --            ; --          ; --         ;
; PROJECT_OUTPUT_DIRECTORY             ; output_files                           ; --            ; --          ; --         ;
; ROUTER_TIMING_OPTIMIZATION_LEVEL     ; MAXIMUM                                ; Normal        ; --          ; --         ;
; TOP_LEVEL_ENTITY                     ; top                                    ; vidordemo     ; --          ; --         ;
; VERILOG_INPUT_VERSION                ; SystemVerilog_2005                     ; Verilog_2001  ; --          ; --         ;
; VERILOG_SHOW_LMF_MAPPING_MESSAGES    ; Off                                    ; --            ; --          ; --         ;
+--------------------------------------+----------------------------------------+---------------+-------------+------------+


+--------------------------------------------------------------------------------------------------------------------------+
; Flow Elapsed Time                                                                                                        ;
+----------------------+--------------+-------------------------+---------------------+------------------------------------+
; Module Name          ; Elapsed Time ; Average Processors Used ; Peak Virtual Memory ; Total CPU Time (on all processors) ;
+----------------------+--------------+-------------------------+---------------------+------------------------------------+
; Analysis & Synthesis ; 00:00:07     ; 1.0                     ; 1032 MB             ; 00:00:14                           ;
; Fitter               ; 00:00:04     ; 1.0                     ; 1563 MB             ; 00:00:05                           ;
; Assembler            ; 00:00:02     ; 1.0                     ; 807 MB              ; 00:00:02                           ;
; Timing Analyzer      ; 00:00:01     ; 1.0                     ; 827 MB              ; 00:00:01                           ;
; Total                ; 00:00:14     ; --                      ; --                  ; 00:00:22                           ;
+----------------------+--------------+-------------------------+---------------------+------------------------------------+


+----------------------------------------------------------------------------------------+
; Flow OS Summary                                                                        ;
+----------------------+------------------+----------------+------------+----------------+
; Module Name          ; Machine Hostname ; OS Name        ; OS Version ; Processor type ;
+----------------------+------------------+----------------+------------+----------------+
; Analysis & Synthesis ; mini             ; Ubuntu 20.04.3 ; 20         ; x86_64         ;
; Fitter               ; mini             ; Ubuntu 20.04.3 ; 20         ; x86_64         ;
; Assembler            ; mini             ; Ubuntu 20.04.3 ; 20         ; x86_64         ;
; Timing Analyzer      ; mini             ; Ubuntu 20.04.3 ; 20         ; x86_64         ;
+----------------------+------------------+----------------+------------+----------------+


------------
; Flow Log ;
------------
quartus_map --read_settings_files=on --write_settings_files=off vidordemo -c vidordemo
quartus_fit --read_settings_files=off --write_settings_files=off vidordemo -c vidordemo
quartus_asm --read_settings_files=off --write_settings_files=off vidordemo -c vidordemo
quartus_sta vidordemo -c vidordemo



