Assembler report for vidordemo
Mon May  8 18:53:15 2023
Quartus Prime Version 19.1.0 Build 670 09/22/2019 SJ Lite Edition


---------------------
; Table of Contents ;
---------------------
  1. Legal Notice
  2. Assembler Summary
  3. Assembler Settings
  4. Assembler Generated Files
  5. Assembler Device Options: vidordemo.sof
  6. Assembler Device Options: vidordemo.jam
  7. Assembler Device Options: vidordemo.jbc
  8. Assembler Device Options: vidordemo.pof
  9. Assembler Device Options: vidordemo.ttf
 10. Assembler Device Options: vidordemo.rbf
 11. Assembler Messages



----------------
; Legal Notice ;
----------------
Copyright (C) 2019  Intel Corporation. All rights reserved.
Your use of Intel Corporation's design tools, logic functions 
and other software and tools, and any partner logic 
functions, and any output files from any of the foregoing 
(including device programming or simulation files), and any 
associated documentation or information are expressly subject 
to the terms and conditions of the Intel Program License 
Subscription Agreement, the Intel Quartus Prime License Agreement,
the Intel FPGA IP License Agreement, or other applicable license
agreement, including, without limitation, that your use is for
the sole purpose of programming logic devices manufactured by
Intel and sold by Intel or its authorized distributors.  Please
refer to the applicable agreement for further details, at
https://fpgasoftware.intel.com/eula.



+---------------------------------------------------------------+
; Assembler Summary                                             ;
+-----------------------+---------------------------------------+
; Assembler Status      ; Successful - Mon May  8 18:53:15 2023 ;
; Revision Name         ; vidordemo                             ;
; Top-level Entity Name ; top                                   ;
; Family                ; Cyclone 10 LP                         ;
; Device                ; 10CL016YU256C8G                       ;
+-----------------------+---------------------------------------+


+----------------------------------+
; Assembler Settings               ;
+--------+---------+---------------+
; Option ; Setting ; Default Value ;
+--------+---------+---------------+


+--------------------------------------------------------------------------------------------+
; Assembler Generated Files                                                                  ;
+--------------------------------------------------------------------------------------------+
; File Name                                                                                  ;
+--------------------------------------------------------------------------------------------+
; /home/lubos/Documents/papers/book/SciComp/codes/ch11/fpga/vidor/output_files/vidordemo.sof ;
; /home/lubos/Documents/papers/book/SciComp/codes/ch11/fpga/vidor/output_files/vidordemo.jam ;
; /home/lubos/Documents/papers/book/SciComp/codes/ch11/fpga/vidor/output_files/vidordemo.jbc ;
; /home/lubos/Documents/papers/book/SciComp/codes/ch11/fpga/vidor/output_files/vidordemo.pof ;
; /home/lubos/Documents/papers/book/SciComp/codes/ch11/fpga/vidor/output_files/vidordemo.ttf ;
; /home/lubos/Documents/papers/book/SciComp/codes/ch11/fpga/vidor/output_files/vidordemo.rbf ;
+--------------------------------------------------------------------------------------------+


+-----------------------------------------+
; Assembler Device Options: vidordemo.sof ;
+----------------+------------------------+
; Option         ; Setting                ;
+----------------+------------------------+
; JTAG usercode  ; 0x000E9623             ;
; Checksum       ; 0x000E9623             ;
+----------------+------------------------+


+-----------------------------------------+
; Assembler Device Options: vidordemo.jam ;
+-------------------------+---------------+
; Option                  ; Setting       ;
+-------------------------+---------------+
; JEDEC STAPL ASCII file  ;               ;
+-------------------------+---------------+


+-----------------------------------------+
; Assembler Device Options: vidordemo.jbc ;
+-----------------------+-----------------+
; Option                ; Setting         ;
+-----------------------+-----------------+
; STAPL Byte Code file  ;                 ;
+-----------------------+-----------------+


+-----------------------------------------+
; Assembler Device Options: vidordemo.pof ;
+--------------------+--------------------+
; Option             ; Setting            ;
+--------------------+--------------------+
; JTAG usercode      ; 0x00000000         ;
; Checksum           ; 0x1DC868E7         ;
; Compression Ratio  ; 3                  ;
+--------------------+--------------------+


+-----------------------------------------+
; Assembler Device Options: vidordemo.ttf ;
+--------------------+--------------------+
; Option             ; Setting            ;
+--------------------+--------------------+
; Tabular Text File  ;                    ;
+--------------------+--------------------+


+-----------------------------------------+
; Assembler Device Options: vidordemo.rbf ;
+---------------------+-------------------+
; Option              ; Setting           ;
+---------------------+-------------------+
; Raw Binary File     ;                   ;
;  Compression Ratio  ; 3                 ;
+---------------------+-------------------+


+--------------------+
; Assembler Messages ;
+--------------------+
Info: *******************************************************************
Info: Running Quartus Prime Assembler
    Info: Version 19.1.0 Build 670 09/22/2019 SJ Lite Edition
    Info: Processing started: Mon May  8 18:53:13 2023
Info: Command: quartus_asm --read_settings_files=off --write_settings_files=off vidordemo -c vidordemo
Warning (18236): Number of processors has not been specified which may cause overloading on shared machines.  Set the global assignment NUM_PARALLEL_PROCESSORS in your QSF to an appropriate value for best performance.
Info (115031): Writing out detailed assembly data for power analysis
Info (115030): Assembler is generating device programming files
Info (210117): Created JAM or JBC file for the specified chain: 
Device 1 (10CL016YU256; /home/lubos/Documents/papers/book/SciComp/codes/ch11/fpga/vidor/output_files/vidordemo.sof)
Info (210117): Created JAM or JBC file for the specified chain: 
Device 1 (10CL016YU256; /home/lubos/Documents/papers/book/SciComp/codes/ch11/fpga/vidor/output_files/vidordemo.sof)
Info: Quartus Prime Assembler was successful. 0 errors, 1 warning
    Info: Peak virtual memory: 807 megabytes
    Info: Processing ended: Mon May  8 18:53:15 2023
    Info: Elapsed time: 00:00:02
    Info: Total CPU time (on all processors): 00:00:02


